The system is: Windows - 10.0.19041 - AMD64
Compiling the C compiler identification source file "CMakeCCompilerId.c" succeeded.
Compiler: C:/Program Files (x86)/Microsoft Visual Studio/2019/Professional/VC/Tools/MSVC/14.27.29110/bin/Hostx86/x86/cl.exe 
Build flags: 
Id flags:  

The output was:
0
用于 x86 的 Microsoft (R) C/C++ 优化编译器 19.27.29112 版
版权所有(C) Microsoft Corporation。保留所有权利。

CMakeCCompilerId.c
Microsoft (R) Incremental Linker Version 14.27.29112.0
Copyright (C) Microsoft Corporation.  All rights reserved.

/out:CMakeCCompilerId.exe 
CMakeCCompilerId.obj 


Compilation of the C compiler identification source "CMakeCCompilerId.c" produced "CMakeCCompilerId.exe"

Compilation of the C compiler identification source "CMakeCCompilerId.c" produced "CMakeCCompilerId.obj"

The C compiler identification is MSVC, found in "C:/Users/89252/CLionProjects/Alogorithm_lab/Alogorithm_lab3/cmake-build-debug/CMakeFiles/3.17.3/CompilerIdC/CMakeCCompilerId.exe"

Determining if the C compiler works passed with the following output:
Change Dir: C:/Users/89252/CLionProjects/Alogorithm_lab/Alogorithm_lab3/cmake-build-debug/CMakeFiles/CMakeTmp

Run Build Command(s):nmake /nologo cmTC_25df5\fast && 	"C:\Program Files (x86)\Microsoft Visual Studio\2019\Professional\VC\Tools\MSVC\14.27.29110\bin\HostX86\x86\nmake.exe"  -f CMakeFiles\cmTC_25df5.dir\build.make /nologo -L                  CMakeFiles\cmTC_25df5.dir\build
Building C object CMakeFiles/cmTC_25df5.dir/testCCompiler.c.obj
	C:\PROGRA~2\MICROS~4\2019\PROFES~1\VC\Tools\MSVC\1427~1.291\bin\Hostx86\x86\cl.exe @C:\Users\89252\AppData\Local\Temp\nmB4DD.tmp
testCCompiler.c
Linking C executable cmTC_25df5.exe
	"C:\Program Files\JetBrains\CLion 2020.2.4\bin\cmake\win\bin\cmake.exe" -E vs_link_exe --intdir=CMakeFiles\cmTC_25df5.dir --rc=C:\PROGRA~2\WI3CF2~1\10\bin\100183~1.0\x86\rc.exe --mt=C:\PROGRA~2\WI3CF2~1\10\bin\100183~1.0\x86\mt.exe --manifests  -- C:\PROGRA~2\MICROS~4\2019\PROFES~1\VC\Tools\MSVC\1427~1.291\bin\Hostx86\x86\link.exe /nologo @CMakeFiles\cmTC_25df5.dir\objects1.rsp @C:\Users\89252\AppData\Local\Temp\nmB607.tmp



Detecting C compiler ABI info compiled with the following output:
Change Dir: C:/Users/89252/CLionProjects/Alogorithm_lab/Alogorithm_lab3/cmake-build-debug/CMakeFiles/CMakeTmp

Run Build Command(s):nmake /nologo cmTC_9a8d0\fast && 	"C:\Program Files (x86)\Microsoft Visual Studio\2019\Professional\VC\Tools\MSVC\14.27.29110\bin\HostX86\x86\nmake.exe"  -f CMakeFiles\cmTC_9a8d0.dir\build.make /nologo -L                  CMakeFiles\cmTC_9a8d0.dir\build
Building C object CMakeFiles/cmTC_9a8d0.dir/CMakeCCompilerABI.c.obj
	C:\PROGRA~2\MICROS~4\2019\PROFES~1\VC\Tools\MSVC\1427~1.291\bin\Hostx86\x86\cl.exe @C:\Users\89252\AppData\Local\Temp\nmB74E.tmp
CMakeCCompilerABI.c
Linking C executable cmTC_9a8d0.exe
	"C:\Program Files\JetBrains\CLion 2020.2.4\bin\cmake\win\bin\cmake.exe" -E vs_link_exe --intdir=CMakeFiles\cmTC_9a8d0.dir --rc=C:\PROGRA~2\WI3CF2~1\10\bin\100183~1.0\x86\rc.exe --mt=C:\PROGRA~2\WI3CF2~1\10\bin\100183~1.0\x86\mt.exe --manifests  -- C:\PROGRA~2\MICROS~4\2019\PROFES~1\VC\Tools\MSVC\1427~1.291\bin\Hostx86\x86\link.exe /nologo @CMakeFiles\cmTC_9a8d0.dir\objects1.rsp @C:\Users\89252\AppData\Local\Temp\nmB77E.tmp



